INFO:root:Writing spam:eggs to snippets.csv
DEBUG:root:Opening file
DEBUG:root:Writing snippet to file
DEBUG:root:Write sucessful
INFO:root:Writing spam:eggs to snippets.csv
DEBUG:root:Opening file
DEBUG:root:Writing snippet to file
DEBUG:root:Write sucessful
INFO:root:Writing green eggs:ham to snippets.csv
DEBUG:root:Opening file
DEBUG:root:Writing snippet to file
DEBUG:root:Write sucessful
INFO:root:Starting snippets
INFO:root:Constructing parser
DEBUG:root:Constructing put subparser
INFO:root:Starting snippets
INFO:root:Constructing parser
DEBUG:root:Constructing put subparser
INFO:root:Starting snippets
INFO:root:Constructing parser
DEBUG:root:Constructing put subparser
INFO:root:Starting snippets
INFO:root:Constructing parser
DEBUG:root:Constructing put subparser
INFO:root:Starting snippets
INFO:root:Constructing parser
DEBUG:root:Constructing put subparser
INFO:root:Starting snippets
INFO:root:Constructing parser
DEBUG:root:Constructing put subparser
INFO:root:Starting snippets
INFO:root:Constructing parser
DEBUG:root:Constructing put subparser
INFO:root:Starting snippets
INFO:root:Constructing parser
DEBUG:root:Constructing put subparser
INFO:root:Writing 1:2 to snippets.csv
DEBUG:root:Opening file
DEBUG:root:Writing snippet to file
DEBUG:root:Write sucessful
INFO:root:Starting snippets
INFO:root:Constructing parser
DEBUG:root:Constructing put subparser
INFO:root:Writing 1:2 to test.csv
DEBUG:root:Opening file
DEBUG:root:Writing snippet to file
DEBUG:root:Write sucessful
INFO:root:Starting snippets
INFO:root:Constructing parser
DEBUG:root:Constructing put subparser
INFO:root:Writing 4:5 to snippets.csv
DEBUG:root:Opening file
DEBUG:root:Writing snippet to file
DEBUG:root:Write sucessful
INFO:root:Starting snippets
INFO:root:Constructing parser
DEBUG:root:Constructing put subparser
INFO:root:Writing 6:8 to snippets.csv
DEBUG:root:Opening file
DEBUG:root:Writing snippet to file
DEBUG:root:Write sucessful
